<?xml version="1.0" encoding="UTF-8"?>
<testsuites name="Tc001" time="61.543" tests="4" failures="1" errors="0">
   <testsuite name="Tc001" tests="4" failures="1" errors="0" time="61.543" skipped="0" timestamp="2566-04-10 14:30:36" hostname="aummu - 10.1.41.36" id="Test Suites/Tc001">
      <properties>
         <property name="deviceName" value=""/>
         <property name="devicePlatform" value=""/>
         <property name="logFolder" value="C:\\Users\\aummu\\Katalon Studio\\Test007\\Reports\\25660410_143022\\Tc001\\25660410_143022"/>
         <property name="logFiles" value="C:\\Users\\aummu\\Katalon Studio\\Test007\\Reports\\25660410_143022\\Tc001\\25660410_143022\\execution0.log"/>
         <property name="attachments" value=""/>
         <property name="hostName" value="aummu - 10.1.41.36"/>
         <property name="os" value="Windows 10 64bit"/>
         <property name="katalonVersion" value="8.5.5.208"/>
         <property name="browser" value="Chrome 112.0.0.0"/>
         <property name="hostAddress" value="10.1.41.36"/>
         <property name="sessionId" value="584da8f9d52455cbd3f8d9ddac7a7e5a"/>
         <property name="seleniumVersion" value="3.141.59"/>
         <property name="proxyInformation" value="ProxyInformation { proxyOption=NO_PROXY, proxyServerType=HTTP, username=, password=********, proxyServerAddress=, proxyServerPort=0, executionList=&quot;&quot;, isApplyToDesiredCapabilities=true }"/>
         <property name="platform" value="Windows 10"/>
      </properties>
      <testcase name="Test Cases/test01" time="18.199" classname="Test Cases/test01" status="PASSED">
         <system-out><![CDATA[2566-04-10 14:30:37 - [TEST_CASE][PASSED] - Test Cases/test01: Test Cases/test01

2566-04-10 14:30:38 - [TEST_STEP][PASSED] - openBrowser(""): Browser is opened with url: ''

2566-04-10 14:30:39 - [MESSAGE][INFO] - Starting 'Chrome' driver

2566-04-10 14:30:39 - [MESSAGE][INFO] - Action delay is set to 0 milliseconds

2566-04-10 14:30:43 - [MESSAGE][PASSED] - Browser is opened with url: ''

2566-04-10 14:30:43 - [TEST_STEP][PASSED] - navigateToUrl("https://www.gmm-tv.com/shop/index.php?route=account/register"): Navigate to 'https://www.gmm-tv.com/shop/index.php?route=account/register' successfully

2566-04-10 14:30:47 - [MESSAGE][PASSED] - Navigate to 'https://www.gmm-tv.com/shop/index.php?route=account/register' successfully

2566-04-10 14:30:47 - [TEST_STEP][PASSED] - setText(findTestObject("name"), "Natthacha"): Text 'Natthacha' is set on object 'Object Repository/name'

2566-04-10 14:30:48 - [MESSAGE][PASSED] - Text 'Natthacha' is set on object 'Object Repository/name'

2566-04-10 14:30:48 - [TEST_STEP][PASSED] - setText(findTestObject("lastname"), "Mumdaeng"): Text 'Mumdaeng' is set on object 'Object Repository/lastname'

2566-04-10 14:30:49 - [MESSAGE][PASSED] - Text 'Mumdaeng' is set on object 'Object Repository/lastname'

2566-04-10 14:30:49 - [TEST_STEP][PASSED] - setText(findTestObject("gmail"), "aummumdaeng@gmail.com"): Text 'aummumdaeng@gmail.com' is set on object 'Object Repository/gmail'

2566-04-10 14:30:50 - [MESSAGE][PASSED] - Text 'aummumdaeng@gmail.com' is set on object 'Object Repository/gmail'

2566-04-10 14:30:50 - [TEST_STEP][PASSED] - setText(findTestObject("phone"), "0656375524"): Text '0656375524' is set on object 'Object Repository/phone'

2566-04-10 14:30:51 - [MESSAGE][PASSED] - Text '0656375524' is set on object 'Object Repository/phone'

2566-04-10 14:30:51 - [TEST_STEP][PASSED] - setText(findTestObject("password"), "natthacha2002"): Text 'natthacha2002' is set on object 'Object Repository/password'

2566-04-10 14:30:52 - [MESSAGE][PASSED] - Text 'natthacha2002' is set on object 'Object Repository/password'

2566-04-10 14:30:52 - [TEST_STEP][PASSED] - setText(findTestObject("con_password"), "natthacha2002"): Text 'natthacha2002' is set on object 'Object Repository/con_password'

2566-04-10 14:30:53 - [MESSAGE][PASSED] - Text 'natthacha2002' is set on object 'Object Repository/con_password'

2566-04-10 14:30:53 - [TEST_STEP][PASSED] - title = getWindowTitle(): Current window's title is: 'REGISTER สมัครสมาชิก'

2566-04-10 14:30:53 - [MESSAGE][PASSED] - Current window's title is: 'REGISTER สมัครสมาชิก'

2566-04-10 14:30:53 - [TEST_STEP][PASSED] - verifyMatch(title, "REGISTER สมัครสมาชิก", false): Actual text 'REGISTER สมัครสมาชิก' and expected text 'REGISTER สมัครสมาชิก' are matched 

2566-04-10 14:30:53 - [MESSAGE][PASSED] - Actual text 'REGISTER สมัครสมาชิก' and expected text 'REGISTER สมัครสมาชิก' are matched 

2566-04-10 14:30:53 - [TEST_STEP][PASSED] - click(findTestObject("click", ["variable":""])): Object: 'Object Repository/click' is clicked on

2566-04-10 14:30:54 - [MESSAGE][PASSED] - Object: 'Object Repository/click' is clicked on

2566-04-10 14:30:54 - [TEST_STEP][PASSED] - verifyElementChecked(findTestObject("click"), 0): Object 'Object Repository/click' is checked

2566-04-10 14:30:54 - [MESSAGE][WARNING] - Timeout '0' is invalid. Using default page load timeout: '30'

2566-04-10 14:30:54 - [MESSAGE][PASSED] - Object 'Object Repository/click' is checked

2566-04-10 14:30:54 - [TEST_STEP][PASSED] - closeBrowser(): Browser is closed

2566-04-10 14:30:55 - [MESSAGE][PASSED] - Browser is closed]]></system-out>
         <system-err><![CDATA[]]></system-err>
      </testcase>
      <testcase name="Test Cases/test02" time="14.803" classname="Test Cases/test02" status="FAILED">
         <failure type="FAILED" message="Test Cases/test02 FAILED.
Reason:
com.kms.katalon.core.exception.StepFailedException: Unable to accept alert
	at com.kms.katalon.core.webui.keyword.internal.WebUIKeywordMain.stepFailed(WebUIKeywordMain.groovy:64)
	at com.kms.katalon.core.webui.keyword.internal.WebUIKeywordMain.runKeyword(WebUIKeywordMain.groovy:26)
	at com.kms.katalon.core.webui.keyword.builtin.AcceptAlertKeyword.acceptAlert(AcceptAlertKeyword.groovy:71)
	at com.kms.katalon.core.webui.keyword.builtin.AcceptAlertKeyword.execute(AcceptAlertKeyword.groovy:66)
	at com.kms.katalon.core.keyword.internal.KeywordExecutor.executeKeywordForPlatform(KeywordExecutor.groovy:74)
	at com.kms.katalon.core.webui.keyword.WebUiBuiltInKeywords.acceptAlert(WebUiBuiltInKeywords.groovy:1522)
	at com.kms.katalon.core.webui.keyword.WebUiBuiltInKeywords$acceptAlert$7.call(Unknown Source)
	at test02.run(test02:42)
	at com.kms.katalon.core.main.ScriptEngine.run(ScriptEngine.java:194)
	at com.kms.katalon.core.main.ScriptEngine.runScriptAsRawText(ScriptEngine.java:119)
	at com.kms.katalon.core.main.TestCaseExecutor.runScript(TestCaseExecutor.java:448)
	at com.kms.katalon.core.main.TestCaseExecutor.doExecute(TestCaseExecutor.java:439)
	at com.kms.katalon.core.main.TestCaseExecutor.processExecutionPhase(TestCaseExecutor.java:418)
	at com.kms.katalon.core.main.TestCaseExecutor.accessMainPhase(TestCaseExecutor.java:410)
	at com.kms.katalon.core.main.TestCaseExecutor.execute(TestCaseExecutor.java:285)
	at com.kms.katalon.core.common.CommonExecutor.accessTestCaseMainPhase(CommonExecutor.java:65)
	at com.kms.katalon.core.main.TestSuiteExecutor.accessTestSuiteMainPhase(TestSuiteExecutor.java:151)
	at com.kms.katalon.core.main.TestSuiteExecutor.execute(TestSuiteExecutor.java:106)
	at com.kms.katalon.core.main.TestCaseMain.startTestSuite(TestCaseMain.java:185)
	at com.kms.katalon.core.main.TestCaseMain$startTestSuite$0.call(Unknown Source)
	at TempTestSuite1681111822792.run(TempTestSuite1681111822792.groovy:36)
Caused by: com.kms.katalon.core.webui.exception.BrowserNotOpenedException: Browser is not opened
Build info: version: '3.141.59', revision: 'e82be7d358', time: '2018-11-14T08:25:53'
System info: host: 'DESKTOP-A20031E', ip: '10.1.41.36', os.name: 'Windows 10', os.arch: 'amd64', os.version: '10.0', java.version: '1.8.0_282'
Driver info: driver.version: unknown
	at com.kms.katalon.core.webui.driver.DriverFactory.verifyWebDriverIsOpen(DriverFactory.java:985)
	at com.kms.katalon.core.webui.driver.DriverFactory.getAlert(DriverFactory.java:998)
	at com.kms.katalon.core.webui.keyword.builtin.AcceptAlertKeyword$_acceptAlert_closure1.doCall(AcceptAlertKeyword.groovy:72)
	at com.kms.katalon.core.webui.keyword.builtin.AcceptAlertKeyword$_acceptAlert_closure1.call(AcceptAlertKeyword.groovy)
	at com.kms.katalon.core.webui.keyword.internal.WebUIKeywordMain.runKeyword(WebUIKeywordMain.groovy:20)
	... 19 more
"/>
         <system-out><![CDATA[2566-04-10 14:30:55 - [TEST_CASE][FAILED] - Test Cases/test02: Test Cases/test02 FAILED.
Reason:
com.kms.katalon.core.exception.StepFailedException: Unable to accept alert
	at com.kms.katalon.core.webui.keyword.internal.WebUIKeywordMain.stepFailed(WebUIKeywordMain.groovy:64)
	at com.kms.katalon.core.webui.keyword.internal.WebUIKeywordMain.runKeyword(WebUIKeywordMain.groovy:26)
	at com.kms.katalon.core.webui.keyword.builtin.AcceptAlertKeyword.acceptAlert(AcceptAlertKeyword.groovy:71)
	at com.kms.katalon.core.webui.keyword.builtin.AcceptAlertKeyword.execute(AcceptAlertKeyword.groovy:66)
	at com.kms.katalon.core.keyword.internal.KeywordExecutor.executeKeywordForPlatform(KeywordExecutor.groovy:74)
	at com.kms.katalon.core.webui.keyword.WebUiBuiltInKeywords.acceptAlert(WebUiBuiltInKeywords.groovy:1522)
	at com.kms.katalon.core.webui.keyword.WebUiBuiltInKeywords$acceptAlert$7.call(Unknown Source)
	at test02.run(test02:42)
	at com.kms.katalon.core.main.ScriptEngine.run(ScriptEngine.java:194)
	at com.kms.katalon.core.main.ScriptEngine.runScriptAsRawText(ScriptEngine.java:119)
	at com.kms.katalon.core.main.TestCaseExecutor.runScript(TestCaseExecutor.java:448)
	at com.kms.katalon.core.main.TestCaseExecutor.doExecute(TestCaseExecutor.java:439)
	at com.kms.katalon.core.main.TestCaseExecutor.processExecutionPhase(TestCaseExecutor.java:418)
	at com.kms.katalon.core.main.TestCaseExecutor.accessMainPhase(TestCaseExecutor.java:410)
	at com.kms.katalon.core.main.TestCaseExecutor.execute(TestCaseExecutor.java:285)
	at com.kms.katalon.core.common.CommonExecutor.accessTestCaseMainPhase(CommonExecutor.java:65)
	at com.kms.katalon.core.main.TestSuiteExecutor.accessTestSuiteMainPhase(TestSuiteExecutor.java:151)
	at com.kms.katalon.core.main.TestSuiteExecutor.execute(TestSuiteExecutor.java:106)
	at com.kms.katalon.core.main.TestCaseMain.startTestSuite(TestCaseMain.java:185)
	at com.kms.katalon.core.main.TestCaseMain$startTestSuite$0.call(Unknown Source)
	at TempTestSuite1681111822792.run(TempTestSuite1681111822792.groovy:36)
Caused by: com.kms.katalon.core.webui.exception.BrowserNotOpenedException: Browser is not opened
Build info: version: '3.141.59', revision: 'e82be7d358', time: '2018-11-14T08:25:53'
System info: host: 'DESKTOP-A20031E', ip: '10.1.41.36', os.name: 'Windows 10', os.arch: 'amd64', os.version: '10.0', java.version: '1.8.0_282'
Driver info: driver.version: unknown
	at com.kms.katalon.core.webui.driver.DriverFactory.verifyWebDriverIsOpen(DriverFactory.java:985)
	at com.kms.katalon.core.webui.driver.DriverFactory.getAlert(DriverFactory.java:998)
	at com.kms.katalon.core.webui.keyword.builtin.AcceptAlertKeyword$_acceptAlert_closure1.doCall(AcceptAlertKeyword.groovy:72)
	at com.kms.katalon.core.webui.keyword.builtin.AcceptAlertKeyword$_acceptAlert_closure1.call(AcceptAlertKeyword.groovy)
	at com.kms.katalon.core.webui.keyword.internal.WebUIKeywordMain.runKeyword(WebUIKeywordMain.groovy:20)
	... 19 more


2566-04-10 14:30:56 - [TEST_STEP][PASSED] - openBrowser(""): Browser is opened with url: ''

2566-04-10 14:30:56 - [MESSAGE][INFO] - Starting 'Chrome' driver

2566-04-10 14:30:56 - [MESSAGE][INFO] - Action delay is set to 0 milliseconds

2566-04-10 14:30:58 - [MESSAGE][PASSED] - Browser is opened with url: ''

2566-04-10 14:30:58 - [TEST_STEP][PASSED] - navigateToUrl("https://www.gmm-tv.com/shop/index.php?route=account/register"): Navigate to 'https://www.gmm-tv.com/shop/index.php?route=account/register' successfully

2566-04-10 14:31:01 - [MESSAGE][PASSED] - Navigate to 'https://www.gmm-tv.com/shop/index.php?route=account/register' successfully

2566-04-10 14:31:01 - [TEST_STEP][PASSED] - setText(findTestObject("Object Repository/Page_REGISTER/input_First Name_firstname"), "ณาตหชา "): Text 'ณาตหชา ' is set on object 'Object Repository/Page_REGISTER/input_First Name_firstname'

2566-04-10 14:31:02 - [MESSAGE][PASSED] - Text 'ณาตหชา ' is set on object 'Object Repository/Page_REGISTER/input_First Name_firstname'

2566-04-10 14:31:02 - [TEST_STEP][PASSED] - setText(findTestObject("Object Repository/Page_REGISTER/input_Last Name_lastname"), "มุมแดง"): Text 'มุมแดง' is set on object 'Object Repository/Page_REGISTER/input_Last Name_lastname'

2566-04-10 14:31:03 - [MESSAGE][PASSED] - Text 'มุมแดง' is set on object 'Object Repository/Page_REGISTER/input_Last Name_lastname'

2566-04-10 14:31:03 - [TEST_STEP][PASSED] - setText(findTestObject("Object Repository/Page_REGISTER/input_E-mail_email"), "aummumdaeng@gmail.com"): Text 'aummumdaeng@gmail.com' is set on object 'Object Repository/Page_REGISTER/input_E-mail_email'

2566-04-10 14:31:04 - [MESSAGE][PASSED] - Text 'aummumdaeng@gmail.com' is set on object 'Object Repository/Page_REGISTER/input_E-mail_email'

2566-04-10 14:31:04 - [TEST_STEP][PASSED] - setText(findTestObject("Object Repository/Page_REGISTER/input_Phone_telephone"), "0656375524"): Text '0656375524' is set on object 'Object Repository/Page_REGISTER/input_Phone_telephone'

2566-04-10 14:31:05 - [MESSAGE][PASSED] - Text '0656375524' is set on object 'Object Repository/Page_REGISTER/input_Phone_telephone'

2566-04-10 14:31:05 - [TEST_STEP][PASSED] - setEncryptedText(findTestObject("Object Repository/Page_REGISTER/input_Create Password_password"), "5oMMk0FHFUklkoX8kTnEvA=="): Text ****** has been set on object 'Object Repository/Page_REGISTER/input_Create Password_password'

2566-04-10 14:31:06 - [MESSAGE][PASSED] - Text ****** has been set on object 'Object Repository/Page_REGISTER/input_Create Password_password'

2566-04-10 14:31:06 - [TEST_STEP][PASSED] - setEncryptedText(findTestObject("Object Repository/Page_REGISTER/input_Confirm Password_confirm"), "5oMMk0FHFUklkoX8kTnEvA=="): Text ****** has been set on object 'Object Repository/Page_REGISTER/input_Confirm Password_confirm'

2566-04-10 14:31:06 - [MESSAGE][PASSED] - Text ****** has been set on object 'Object Repository/Page_REGISTER/input_Confirm Password_confirm'

2566-04-10 14:31:06 - [TEST_STEP][PASSED] - click(findTestObject("Object Repository/Page_REGISTER/input_Privacy Policy_btn btn-primary")): Object: 'Object Repository/Page_REGISTER/input_Privacy Policy_btn btn-primary' is clicked on

2566-04-10 14:31:08 - [MESSAGE][PASSED] - Object: 'Object Repository/Page_REGISTER/input_Privacy Policy_btn btn-primary' is clicked on

2566-04-10 14:31:08 - [TEST_STEP][PASSED] - click(findTestObject("Object Repository/Page_REGISTER/div_Warning You must agree to the")): Object: 'Object Repository/Page_REGISTER/div_Warning You must agree to the' is clicked on

2566-04-10 14:31:09 - [MESSAGE][PASSED] - Object: 'Object Repository/Page_REGISTER/div_Warning You must agree to the' is clicked on

2566-04-10 14:31:09 - [TEST_STEP][PASSED] - closeBrowser(): Browser is closed

2566-04-10 14:31:10 - [MESSAGE][PASSED] - Browser is closed

2566-04-10 14:31:10 - [TEST_STEP][FAILED] - acceptAlert(): Unable to accept alert (Root cause: com.kms.katalon.core.exception.StepFailedException: Unable to accept alert
	at com.kms.katalon.core.webui.keyword.internal.WebUIKeywordMain.stepFailed(WebUIKeywordMain.groovy:64)
	at com.kms.katalon.core.webui.keyword.internal.WebUIKeywordMain.runKeyword(WebUIKeywordMain.groovy:26)
	at com.kms.katalon.core.webui.keyword.builtin.AcceptAlertKeyword.acceptAlert(AcceptAlertKeyword.groovy:71)
	at com.kms.katalon.core.webui.keyword.builtin.AcceptAlertKeyword.execute(AcceptAlertKeyword.groovy:66)
	at com.kms.katalon.core.keyword.internal.KeywordExecutor.executeKeywordForPlatform(KeywordExecutor.groovy:74)
	at com.kms.katalon.core.webui.keyword.WebUiBuiltInKeywords.acceptAlert(WebUiBuiltInKeywords.groovy:1522)
	at com.kms.katalon.core.webui.keyword.WebUiBuiltInKeywords$acceptAlert$7.call(Unknown Source)
	at test02.run(test02:42)
	at com.kms.katalon.core.main.ScriptEngine.run(ScriptEngine.java:194)
	at com.kms.katalon.core.main.ScriptEngine.runScriptAsRawText(ScriptEngine.java:119)
	at com.kms.katalon.core.main.TestCaseExecutor.runScript(TestCaseExecutor.java:448)
	at com.kms.katalon.core.main.TestCaseExecutor.doExecute(TestCaseExecutor.java:439)
	at com.kms.katalon.core.main.TestCaseExecutor.processExecutionPhase(TestCaseExecutor.java:418)
	at com.kms.katalon.core.main.TestCaseExecutor.accessMainPhase(TestCaseExecutor.java:410)
	at com.kms.katalon.core.main.TestCaseExecutor.execute(TestCaseExecutor.java:285)
	at com.kms.katalon.core.common.CommonExecutor.accessTestCaseMainPhase(CommonExecutor.java:65)
	at com.kms.katalon.core.main.TestSuiteExecutor.accessTestSuiteMainPhase(TestSuiteExecutor.java:151)
	at com.kms.katalon.core.main.TestSuiteExecutor.execute(TestSuiteExecutor.java:106)
	at com.kms.katalon.core.main.TestCaseMain.startTestSuite(TestCaseMain.java:185)
	at com.kms.katalon.core.main.TestCaseMain$startTestSuite$0.call(Unknown Source)
	at TempTestSuite1681111822792.run(TempTestSuite1681111822792.groovy:36)
Caused by: com.kms.katalon.core.webui.exception.BrowserNotOpenedException: Browser is not opened
Build info: version: '3.141.59', revision: 'e82be7d358', time: '2018-11-14T08:25:53'
System info: host: 'DESKTOP-A20031E', ip: '10.1.41.36', os.name: 'Windows 10', os.arch: 'amd64', os.version: '10.0', java.version: '1.8.0_282'
Driver info: driver.version: unknown
	at com.kms.katalon.core.webui.driver.DriverFactory.verifyWebDriverIsOpen(DriverFactory.java:985)
	at com.kms.katalon.core.webui.driver.DriverFactory.getAlert(DriverFactory.java:998)
	at com.kms.katalon.core.webui.keyword.builtin.AcceptAlertKeyword$_acceptAlert_closure1.doCall(AcceptAlertKeyword.groovy:72)
	at com.kms.katalon.core.webui.keyword.builtin.AcceptAlertKeyword$_acceptAlert_closure1.call(AcceptAlertKeyword.groovy)
	at com.kms.katalon.core.webui.keyword.internal.WebUIKeywordMain.runKeyword(WebUIKeywordMain.groovy:20)
	at com.kms.katalon.core.webui.keyword.builtin.AcceptAlertKeyword.acceptAlert(AcceptAlertKeyword.groovy:71)
	at com.kms.katalon.core.webui.keyword.builtin.AcceptAlertKeyword.execute(AcceptAlertKeyword.groovy:66)
	at com.kms.katalon.core.keyword.internal.KeywordExecutor.executeKeywordForPlatform(KeywordExecutor.groovy:74)
	at com.kms.katalon.core.webui.keyword.WebUiBuiltInKeywords.acceptAlert(WebUiBuiltInKeywords.groovy:1522)
	at com.kms.katalon.core.webui.keyword.WebUiBuiltInKeywords$acceptAlert$7.call(Unknown Source)
	at Script1680840616573.run(Script1680840616573.groovy:42)
	... 13 more
)

2566-04-10 14:31:10 - [MESSAGE][WARNING] - Cannot take screenshot

2566-04-10 14:31:10 - [MESSAGE][FAILED] - Unable to accept alert (Root cause: com.kms.katalon.core.exception.StepFailedException: Unable to accept alert
	at com.kms.katalon.core.webui.keyword.internal.WebUIKeywordMain.stepFailed(WebUIKeywordMain.groovy:64)
	at com.kms.katalon.core.webui.keyword.internal.WebUIKeywordMain.runKeyword(WebUIKeywordMain.groovy:26)
	at com.kms.katalon.core.webui.keyword.builtin.AcceptAlertKeyword.acceptAlert(AcceptAlertKeyword.groovy:71)
	at com.kms.katalon.core.webui.keyword.builtin.AcceptAlertKeyword.execute(AcceptAlertKeyword.groovy:66)
	at com.kms.katalon.core.keyword.internal.KeywordExecutor.executeKeywordForPlatform(KeywordExecutor.groovy:74)
	at com.kms.katalon.core.webui.keyword.WebUiBuiltInKeywords.acceptAlert(WebUiBuiltInKeywords.groovy:1522)
	at com.kms.katalon.core.webui.keyword.WebUiBuiltInKeywords$acceptAlert$7.call(Unknown Source)
	at test02.run(test02:42)
	at com.kms.katalon.core.main.ScriptEngine.run(ScriptEngine.java:194)
	at com.kms.katalon.core.main.ScriptEngine.runScriptAsRawText(ScriptEngine.java:119)
	at com.kms.katalon.core.main.TestCaseExecutor.runScript(TestCaseExecutor.java:448)
	at com.kms.katalon.core.main.TestCaseExecutor.doExecute(TestCaseExecutor.java:439)
	at com.kms.katalon.core.main.TestCaseExecutor.processExecutionPhase(TestCaseExecutor.java:418)
	at com.kms.katalon.core.main.TestCaseExecutor.accessMainPhase(TestCaseExecutor.java:410)
	at com.kms.katalon.core.main.TestCaseExecutor.execute(TestCaseExecutor.java:285)
	at com.kms.katalon.core.common.CommonExecutor.accessTestCaseMainPhase(CommonExecutor.java:65)
	at com.kms.katalon.core.main.TestSuiteExecutor.accessTestSuiteMainPhase(TestSuiteExecutor.java:151)
	at com.kms.katalon.core.main.TestSuiteExecutor.execute(TestSuiteExecutor.java:106)
	at com.kms.katalon.core.main.TestCaseMain.startTestSuite(TestCaseMain.java:185)
	at com.kms.katalon.core.main.TestCaseMain$startTestSuite$0.call(Unknown Source)
	at TempTestSuite1681111822792.run(TempTestSuite1681111822792.groovy:36)
Caused by: com.kms.katalon.core.webui.exception.BrowserNotOpenedException: Browser is not opened
Build info: version: '3.141.59', revision: 'e82be7d358', time: '2018-11-14T08:25:53'
System info: host: 'DESKTOP-A20031E', ip: '10.1.41.36', os.name: 'Windows 10', os.arch: 'amd64', os.version: '10.0', java.version: '1.8.0_282'
Driver info: driver.version: unknown
	at com.kms.katalon.core.webui.driver.DriverFactory.verifyWebDriverIsOpen(DriverFactory.java:985)
	at com.kms.katalon.core.webui.driver.DriverFactory.getAlert(DriverFactory.java:998)
	at com.kms.katalon.core.webui.keyword.builtin.AcceptAlertKeyword$_acceptAlert_closure1.doCall(AcceptAlertKeyword.groovy:72)
	at com.kms.katalon.core.webui.keyword.builtin.AcceptAlertKeyword$_acceptAlert_closure1.call(AcceptAlertKeyword.groovy)
	at com.kms.katalon.core.webui.keyword.internal.WebUIKeywordMain.runKeyword(WebUIKeywordMain.groovy:20)
	at com.kms.katalon.core.webui.keyword.builtin.AcceptAlertKeyword.acceptAlert(AcceptAlertKeyword.groovy:71)
	at com.kms.katalon.core.webui.keyword.builtin.AcceptAlertKeyword.execute(AcceptAlertKeyword.groovy:66)
	at com.kms.katalon.core.keyword.internal.KeywordExecutor.executeKeywordForPlatform(KeywordExecutor.groovy:74)
	at com.kms.katalon.core.webui.keyword.WebUiBuiltInKeywords.acceptAlert(WebUiBuiltInKeywords.groovy:1522)
	at com.kms.katalon.core.webui.keyword.WebUiBuiltInKeywords$acceptAlert$7.call(Unknown Source)
	at Script1680840616573.run(Script1680840616573.groovy:42)
	... 13 more
)]]></system-out>
         <system-err><![CDATA[2566-04-10 14:30:55 - [TEST_CASE][FAILED] - Test Cases/test02: Test Cases/test02 FAILED.
Reason:
com.kms.katalon.core.exception.StepFailedException: Unable to accept alert
	at com.kms.katalon.core.webui.keyword.internal.WebUIKeywordMain.stepFailed(WebUIKeywordMain.groovy:64)
	at com.kms.katalon.core.webui.keyword.internal.WebUIKeywordMain.runKeyword(WebUIKeywordMain.groovy:26)
	at com.kms.katalon.core.webui.keyword.builtin.AcceptAlertKeyword.acceptAlert(AcceptAlertKeyword.groovy:71)
	at com.kms.katalon.core.webui.keyword.builtin.AcceptAlertKeyword.execute(AcceptAlertKeyword.groovy:66)
	at com.kms.katalon.core.keyword.internal.KeywordExecutor.executeKeywordForPlatform(KeywordExecutor.groovy:74)
	at com.kms.katalon.core.webui.keyword.WebUiBuiltInKeywords.acceptAlert(WebUiBuiltInKeywords.groovy:1522)
	at com.kms.katalon.core.webui.keyword.WebUiBuiltInKeywords$acceptAlert$7.call(Unknown Source)
	at test02.run(test02:42)
	at com.kms.katalon.core.main.ScriptEngine.run(ScriptEngine.java:194)
	at com.kms.katalon.core.main.ScriptEngine.runScriptAsRawText(ScriptEngine.java:119)
	at com.kms.katalon.core.main.TestCaseExecutor.runScript(TestCaseExecutor.java:448)
	at com.kms.katalon.core.main.TestCaseExecutor.doExecute(TestCaseExecutor.java:439)
	at com.kms.katalon.core.main.TestCaseExecutor.processExecutionPhase(TestCaseExecutor.java:418)
	at com.kms.katalon.core.main.TestCaseExecutor.accessMainPhase(TestCaseExecutor.java:410)
	at com.kms.katalon.core.main.TestCaseExecutor.execute(TestCaseExecutor.java:285)
	at com.kms.katalon.core.common.CommonExecutor.accessTestCaseMainPhase(CommonExecutor.java:65)
	at com.kms.katalon.core.main.TestSuiteExecutor.accessTestSuiteMainPhase(TestSuiteExecutor.java:151)
	at com.kms.katalon.core.main.TestSuiteExecutor.execute(TestSuiteExecutor.java:106)
	at com.kms.katalon.core.main.TestCaseMain.startTestSuite(TestCaseMain.java:185)
	at com.kms.katalon.core.main.TestCaseMain$startTestSuite$0.call(Unknown Source)
	at TempTestSuite1681111822792.run(TempTestSuite1681111822792.groovy:36)
Caused by: com.kms.katalon.core.webui.exception.BrowserNotOpenedException: Browser is not opened
Build info: version: '3.141.59', revision: 'e82be7d358', time: '2018-11-14T08:25:53'
System info: host: 'DESKTOP-A20031E', ip: '10.1.41.36', os.name: 'Windows 10', os.arch: 'amd64', os.version: '10.0', java.version: '1.8.0_282'
Driver info: driver.version: unknown
	at com.kms.katalon.core.webui.driver.DriverFactory.verifyWebDriverIsOpen(DriverFactory.java:985)
	at com.kms.katalon.core.webui.driver.DriverFactory.getAlert(DriverFactory.java:998)
	at com.kms.katalon.core.webui.keyword.builtin.AcceptAlertKeyword$_acceptAlert_closure1.doCall(AcceptAlertKeyword.groovy:72)
	at com.kms.katalon.core.webui.keyword.builtin.AcceptAlertKeyword$_acceptAlert_closure1.call(AcceptAlertKeyword.groovy)
	at com.kms.katalon.core.webui.keyword.internal.WebUIKeywordMain.runKeyword(WebUIKeywordMain.groovy:20)
	... 19 more]]></system-err>
      </testcase>
      <testcase name="Test Cases/test03" time="13.361" classname="Test Cases/test03" status="PASSED">
         <system-out><![CDATA[2566-04-10 14:31:10 - [TEST_CASE][PASSED] - Test Cases/test03: Test Cases/test03

2566-04-10 14:31:11 - [TEST_STEP][PASSED] - openBrowser(""): Browser is opened with url: ''

2566-04-10 14:31:11 - [MESSAGE][INFO] - Starting 'Chrome' driver

2566-04-10 14:31:11 - [MESSAGE][INFO] - Action delay is set to 0 milliseconds

2566-04-10 14:31:13 - [MESSAGE][PASSED] - Browser is opened with url: ''

2566-04-10 14:31:13 - [TEST_STEP][PASSED] - navigateToUrl("https://www.gmm-tv.com/shop/index.php?route=account/register"): Navigate to 'https://www.gmm-tv.com/shop/index.php?route=account/register' successfully

2566-04-10 14:31:16 - [MESSAGE][PASSED] - Navigate to 'https://www.gmm-tv.com/shop/index.php?route=account/register' successfully

2566-04-10 14:31:16 - [TEST_STEP][PASSED] - setText(findTestObject("Object Repository/Page_REGISTER/input_First Name_firstname"), "Natthacha"): Text 'Natthacha' is set on object 'Object Repository/Page_REGISTER/input_First Name_firstname'

2566-04-10 14:31:17 - [MESSAGE][PASSED] - Text 'Natthacha' is set on object 'Object Repository/Page_REGISTER/input_First Name_firstname'

2566-04-10 14:31:17 - [TEST_STEP][PASSED] - setText(findTestObject("Object Repository/Page_REGISTER/input_Last Name_lastname"), "Mumdaeng"): Text 'Mumdaeng' is set on object 'Object Repository/Page_REGISTER/input_Last Name_lastname'

2566-04-10 14:31:18 - [MESSAGE][PASSED] - Text 'Mumdaeng' is set on object 'Object Repository/Page_REGISTER/input_Last Name_lastname'

2566-04-10 14:31:18 - [TEST_STEP][PASSED] - setText(findTestObject("Object Repository/Page_REGISTER/input_E-mail_email"), "aummumdaeng@gmail.com"): Text 'aummumdaeng@gmail.com' is set on object 'Object Repository/Page_REGISTER/input_E-mail_email'

2566-04-10 14:31:19 - [MESSAGE][PASSED] - Text 'aummumdaeng@gmail.com' is set on object 'Object Repository/Page_REGISTER/input_E-mail_email'

2566-04-10 14:31:19 - [TEST_STEP][PASSED] - setText(findTestObject("Object Repository/Page_REGISTER/input_Phone_telephone"), "0656375524"): Text '0656375524' is set on object 'Object Repository/Page_REGISTER/input_Phone_telephone'

2566-04-10 14:31:20 - [MESSAGE][PASSED] - Text '0656375524' is set on object 'Object Repository/Page_REGISTER/input_Phone_telephone'

2566-04-10 14:31:20 - [TEST_STEP][PASSED] - click(findTestObject("Object Repository/Page_REGISTER/input_Privacy Policy_btn btn-primary")): Object: 'Object Repository/Page_REGISTER/input_Privacy Policy_btn btn-primary' is clicked on

2566-04-10 14:31:23 - [MESSAGE][PASSED] - Object: 'Object Repository/Page_REGISTER/input_Privacy Policy_btn btn-primary' is clicked on

2566-04-10 14:31:23 - [TEST_STEP][PASSED] - closeBrowser(): Browser is closed

2566-04-10 14:31:24 - [MESSAGE][PASSED] - Browser is closed]]></system-out>
         <system-err><![CDATA[]]></system-err>
      </testcase>
      <testcase name="Test Cases/Test04" time="14.183" classname="Test Cases/Test04" status="PASSED">
         <system-out><![CDATA[2566-04-10 14:31:24 - [TEST_CASE][PASSED] - Test Cases/Test04: Test Cases/Test04

2566-04-10 14:31:24 - [TEST_STEP][PASSED] - openBrowser(""): Browser is opened with url: ''

2566-04-10 14:31:24 - [MESSAGE][INFO] - Starting 'Chrome' driver

2566-04-10 14:31:24 - [MESSAGE][INFO] - Action delay is set to 0 milliseconds

2566-04-10 14:31:26 - [MESSAGE][PASSED] - Browser is opened with url: ''

2566-04-10 14:31:26 - [TEST_STEP][PASSED] - navigateToUrl("https://www.gmm-tv.com/shop/index.php?route=account/register"): Navigate to 'https://www.gmm-tv.com/shop/index.php?route=account/register' successfully

2566-04-10 14:31:30 - [MESSAGE][PASSED] - Navigate to 'https://www.gmm-tv.com/shop/index.php?route=account/register' successfully

2566-04-10 14:31:30 - [TEST_STEP][PASSED] - setText(findTestObject("Object Repository/Page_REGISTER/input_First Name_firstname"), "ณาตหชา"): Text 'ณาตหชา' is set on object 'Object Repository/Page_REGISTER/input_First Name_firstname'

2566-04-10 14:31:31 - [MESSAGE][PASSED] - Text 'ณาตหชา' is set on object 'Object Repository/Page_REGISTER/input_First Name_firstname'

2566-04-10 14:31:31 - [TEST_STEP][PASSED] - setText(findTestObject("Object Repository/Page_REGISTER/input_Last Name_lastname"), "มุมแดง"): Text 'มุมแดง' is set on object 'Object Repository/Page_REGISTER/input_Last Name_lastname'

2566-04-10 14:31:31 - [MESSAGE][PASSED] - Text 'มุมแดง' is set on object 'Object Repository/Page_REGISTER/input_Last Name_lastname'

2566-04-10 14:31:31 - [TEST_STEP][PASSED] - setText(findTestObject("Object Repository/Page_REGISTER/input_E-mail_email"), "aummumdaeng@gmail.com"): Text 'aummumdaeng@gmail.com' is set on object 'Object Repository/Page_REGISTER/input_E-mail_email'

2566-04-10 14:31:32 - [MESSAGE][PASSED] - Text 'aummumdaeng@gmail.com' is set on object 'Object Repository/Page_REGISTER/input_E-mail_email'

2566-04-10 14:31:32 - [TEST_STEP][PASSED] - setText(findTestObject("Object Repository/Page_REGISTER/input_Phone_telephone"), "0656375524"): Text '0656375524' is set on object 'Object Repository/Page_REGISTER/input_Phone_telephone'

2566-04-10 14:31:33 - [MESSAGE][PASSED] - Text '0656375524' is set on object 'Object Repository/Page_REGISTER/input_Phone_telephone'

2566-04-10 14:31:33 - [TEST_STEP][PASSED] - setEncryptedText(findTestObject("Object Repository/Page_REGISTER/input_Create Password_password"), "5oMMk0FHFUklkoX8kTnEvA=="): Text ****** has been set on object 'Object Repository/Page_REGISTER/input_Create Password_password'

2566-04-10 14:31:34 - [MESSAGE][PASSED] - Text ****** has been set on object 'Object Repository/Page_REGISTER/input_Create Password_password'

2566-04-10 14:31:34 - [TEST_STEP][PASSED] - setEncryptedText(findTestObject("Object Repository/Page_REGISTER/input_Confirm Password_confirm"), "5oMMk0FHFUlVjzYivZj9AA=="): Text ****** has been set on object 'Object Repository/Page_REGISTER/input_Confirm Password_confirm'

2566-04-10 14:31:34 - [MESSAGE][PASSED] - Text ****** has been set on object 'Object Repository/Page_REGISTER/input_Confirm Password_confirm'

2566-04-10 14:31:34 - [TEST_STEP][PASSED] - click(findTestObject("Object Repository/Page_REGISTER/input_Accept the condition_agree")): Object: 'Object Repository/Page_REGISTER/input_Accept the condition_agree' is clicked on

2566-04-10 14:31:35 - [MESSAGE][PASSED] - Object: 'Object Repository/Page_REGISTER/input_Accept the condition_agree' is clicked on

2566-04-10 14:31:35 - [TEST_STEP][PASSED] - click(findTestObject("Object Repository/Page_REGISTER/input_Privacy Policy_btn btn-primary")): Object: 'Object Repository/Page_REGISTER/input_Privacy Policy_btn btn-primary' is clicked on

2566-04-10 14:31:37 - [MESSAGE][PASSED] - Object: 'Object Repository/Page_REGISTER/input_Privacy Policy_btn btn-primary' is clicked on

2566-04-10 14:31:37 - [TEST_STEP][PASSED] - closeBrowser(): Browser is closed

2566-04-10 14:31:38 - [MESSAGE][PASSED] - Browser is closed]]></system-out>
         <system-err><![CDATA[]]></system-err>
      </testcase>
      <system-out><![CDATA[2566-04-10 14:30:36 - [TEST_SUITE][FAILED] - Tc001: Test Cases/test02 FAILED.
Reason:
com.kms.katalon.core.exception.StepFailedException: Unable to accept alert
	at com.kms.katalon.core.webui.keyword.internal.WebUIKeywordMain.stepFailed(WebUIKeywordMain.groovy:64)
	at com.kms.katalon.core.webui.keyword.internal.WebUIKeywordMain.runKeyword(WebUIKeywordMain.groovy:26)
	at com.kms.katalon.core.webui.keyword.builtin.AcceptAlertKeyword.acceptAlert(AcceptAlertKeyword.groovy:71)
	at com.kms.katalon.core.webui.keyword.builtin.AcceptAlertKeyword.execute(AcceptAlertKeyword.groovy:66)
	at com.kms.katalon.core.keyword.internal.KeywordExecutor.executeKeywordForPlatform(KeywordExecutor.groovy:74)
	at com.kms.katalon.core.webui.keyword.WebUiBuiltInKeywords.acceptAlert(WebUiBuiltInKeywords.groovy:1522)
	at com.kms.katalon.core.webui.keyword.WebUiBuiltInKeywords$acceptAlert$7.call(Unknown Source)
	at test02.run(test02:42)
	at com.kms.katalon.core.main.ScriptEngine.run(ScriptEngine.java:194)
	at com.kms.katalon.core.main.ScriptEngine.runScriptAsRawText(ScriptEngine.java:119)
	at com.kms.katalon.core.main.TestCaseExecutor.runScript(TestCaseExecutor.java:448)
	at com.kms.katalon.core.main.TestCaseExecutor.doExecute(TestCaseExecutor.java:439)
	at com.kms.katalon.core.main.TestCaseExecutor.processExecutionPhase(TestCaseExecutor.java:418)
	at com.kms.katalon.core.main.TestCaseExecutor.accessMainPhase(TestCaseExecutor.java:410)
	at com.kms.katalon.core.main.TestCaseExecutor.execute(TestCaseExecutor.java:285)
	at com.kms.katalon.core.common.CommonExecutor.accessTestCaseMainPhase(CommonExecutor.java:65)
	at com.kms.katalon.core.main.TestSuiteExecutor.accessTestSuiteMainPhase(TestSuiteExecutor.java:151)
	at com.kms.katalon.core.main.TestSuiteExecutor.execute(TestSuiteExecutor.java:106)
	at com.kms.katalon.core.main.TestCaseMain.startTestSuite(TestCaseMain.java:185)
	at com.kms.katalon.core.main.TestCaseMain$startTestSuite$0.call(Unknown Source)
	at TempTestSuite1681111822792.run(TempTestSuite1681111822792.groovy:36)
Caused by: com.kms.katalon.core.webui.exception.BrowserNotOpenedException: Browser is not opened
Build info: version: '3.141.59', revision: 'e82be7d358', time: '2018-11-14T08:25:53'
System info: host: 'DESKTOP-A20031E', ip: '10.1.41.36', os.name: 'Windows 10', os.arch: 'amd64', os.version: '10.0', java.version: '1.8.0_282'
Driver info: driver.version: unknown
	at com.kms.katalon.core.webui.driver.DriverFactory.verifyWebDriverIsOpen(DriverFactory.java:985)
	at com.kms.katalon.core.webui.driver.DriverFactory.getAlert(DriverFactory.java:998)
	at com.kms.katalon.core.webui.keyword.builtin.AcceptAlertKeyword$_acceptAlert_closure1.doCall(AcceptAlertKeyword.groovy:72)
	at com.kms.katalon.core.webui.keyword.builtin.AcceptAlertKeyword$_acceptAlert_closure1.call(AcceptAlertKeyword.groovy)
	at com.kms.katalon.core.webui.keyword.internal.WebUIKeywordMain.runKeyword(WebUIKeywordMain.groovy:20)
	... 19 more]]></system-out>
      <system-err><![CDATA[2566-04-10 14:30:36 - [TEST_SUITE][FAILED] - Tc001: Test Cases/test02 FAILED.
Reason:
com.kms.katalon.core.exception.StepFailedException: Unable to accept alert
	at com.kms.katalon.core.webui.keyword.internal.WebUIKeywordMain.stepFailed(WebUIKeywordMain.groovy:64)
	at com.kms.katalon.core.webui.keyword.internal.WebUIKeywordMain.runKeyword(WebUIKeywordMain.groovy:26)
	at com.kms.katalon.core.webui.keyword.builtin.AcceptAlertKeyword.acceptAlert(AcceptAlertKeyword.groovy:71)
	at com.kms.katalon.core.webui.keyword.builtin.AcceptAlertKeyword.execute(AcceptAlertKeyword.groovy:66)
	at com.kms.katalon.core.keyword.internal.KeywordExecutor.executeKeywordForPlatform(KeywordExecutor.groovy:74)
	at com.kms.katalon.core.webui.keyword.WebUiBuiltInKeywords.acceptAlert(WebUiBuiltInKeywords.groovy:1522)
	at com.kms.katalon.core.webui.keyword.WebUiBuiltInKeywords$acceptAlert$7.call(Unknown Source)
	at test02.run(test02:42)
	at com.kms.katalon.core.main.ScriptEngine.run(ScriptEngine.java:194)
	at com.kms.katalon.core.main.ScriptEngine.runScriptAsRawText(ScriptEngine.java:119)
	at com.kms.katalon.core.main.TestCaseExecutor.runScript(TestCaseExecutor.java:448)
	at com.kms.katalon.core.main.TestCaseExecutor.doExecute(TestCaseExecutor.java:439)
	at com.kms.katalon.core.main.TestCaseExecutor.processExecutionPhase(TestCaseExecutor.java:418)
	at com.kms.katalon.core.main.TestCaseExecutor.accessMainPhase(TestCaseExecutor.java:410)
	at com.kms.katalon.core.main.TestCaseExecutor.execute(TestCaseExecutor.java:285)
	at com.kms.katalon.core.common.CommonExecutor.accessTestCaseMainPhase(CommonExecutor.java:65)
	at com.kms.katalon.core.main.TestSuiteExecutor.accessTestSuiteMainPhase(TestSuiteExecutor.java:151)
	at com.kms.katalon.core.main.TestSuiteExecutor.execute(TestSuiteExecutor.java:106)
	at com.kms.katalon.core.main.TestCaseMain.startTestSuite(TestCaseMain.java:185)
	at com.kms.katalon.core.main.TestCaseMain$startTestSuite$0.call(Unknown Source)
	at TempTestSuite1681111822792.run(TempTestSuite1681111822792.groovy:36)
Caused by: com.kms.katalon.core.webui.exception.BrowserNotOpenedException: Browser is not opened
Build info: version: '3.141.59', revision: 'e82be7d358', time: '2018-11-14T08:25:53'
System info: host: 'DESKTOP-A20031E', ip: '10.1.41.36', os.name: 'Windows 10', os.arch: 'amd64', os.version: '10.0', java.version: '1.8.0_282'
Driver info: driver.version: unknown
	at com.kms.katalon.core.webui.driver.DriverFactory.verifyWebDriverIsOpen(DriverFactory.java:985)
	at com.kms.katalon.core.webui.driver.DriverFactory.getAlert(DriverFactory.java:998)
	at com.kms.katalon.core.webui.keyword.builtin.AcceptAlertKeyword$_acceptAlert_closure1.doCall(AcceptAlertKeyword.groovy:72)
	at com.kms.katalon.core.webui.keyword.builtin.AcceptAlertKeyword$_acceptAlert_closure1.call(AcceptAlertKeyword.groovy)
	at com.kms.katalon.core.webui.keyword.internal.WebUIKeywordMain.runKeyword(WebUIKeywordMain.groovy:20)
	... 19 more]]></system-err>
   </testsuite>
</testsuites>
